<?xml version="1.0" encoding="UTF-8"?>
<!-- Generated by org.testng.reporters.JUnitReportReporter -->
<testsuite skipped="0" hostname="striker" name="testCases.Home.ProjectSetUp.delete_virtualnumber" tests="1" failures="0" timestamp="01 Nov 2018 09:26:53 GMT" time="36.697" errors="0">
  <testcase name="virtualNumber_allocation_For_Missedcall" time="36.697" classname="testCases.Home.ProjectSetUp.delete_virtualnumber"/>
</testsuite> <!-- testCases.Home.ProjectSetUp.delete_virtualnumber -->
