<?xml version="1.0" encoding="UTF-8"?>
<!-- Generated by org.testng.reporters.JUnitReportReporter -->
<testsuite skipped="0" hostname="striker" name="testCases.Home.ProjectSetUp.Verifying_ManagerNode" tests="1" failures="0" timestamp="25 Oct 2018 05:40:21 GMT" time="50.110" errors="0">
  <testcase name="verifying_ManagerNode" time="50.110" classname="testCases.Home.ProjectSetUp.Verifying_ManagerNode"/>
</testsuite> <!-- testCases.Home.ProjectSetUp.Verifying_ManagerNode -->
