<?xml version="1.0" encoding="UTF-8"?>
<!-- Generated by org.testng.reporters.JUnitReportReporter -->
<testsuite skipped="0" hostname="striker" name="testCases.MyServices.MarketingAutomation.NewTest" tests="1" failures="0" timestamp="05 Oct 2018 12:52:30 GMT" time="29.208" errors="0">
  <testcase name="f" time="29.208" classname="testCases.MyServices.MarketingAutomation.NewTest"/>
</testsuite> <!-- testCases.MyServices.MarketingAutomation.NewTest -->
