<?xml version="1.0" encoding="UTF-8"?>
<!-- Generated by org.testng.reporters.JUnitReportReporter -->
<testsuite skipped="0" hostname="striker" name="testCases.Home.ProjectSetUp.Creating_Script_TrackingScriptnode" tests="1" failures="0" timestamp="31 Oct 2018 12:37:50 GMT" time="33.918" errors="0">
  <testcase name="creating_Script_TrackingScriptnode" time="33.918" classname="testCases.Home.ProjectSetUp.Creating_Script_TrackingScriptnode"/>
</testsuite> <!-- testCases.Home.ProjectSetUp.Creating_Script_TrackingScriptnode -->
