<?xml version="1.0" encoding="UTF-8"?>
<!-- Generated by org.testng.reporters.JUnitReportReporter -->
<testsuite skipped="0" hostname="striker" name="testCases.Home.ProjectSetUp.Verifying_SourceTrackerNode" tests="1" failures="0" timestamp="27 Oct 2018 05:27:45 GMT" time="31.216" errors="0">
  <testcase name="verifying_SourceTrackerNode" time="31.216" classname="testCases.Home.ProjectSetUp.Verifying_SourceTrackerNode"/>
</testsuite> <!-- testCases.Home.ProjectSetUp.Verifying_SourceTrackerNode -->
