<?xml version="1.0" encoding="UTF-8"?>
<!-- Generated by org.testng.reporters.JUnitReportReporter -->
<testsuite skipped="0" hostname="striker" name="testCases.MyService.MarketingAutomation.Organization.Users.Edit_cxo_user" tests="1" failures="0" timestamp="08 Nov 2018 09:33:29 GMT" time="12.516" errors="0">
  <testcase name="cXO_Creation" time="12.516" classname="testCases.MyService.MarketingAutomation.Organization.Users.Edit_cxo_user"/>
</testsuite> <!-- testCases.MyService.MarketingAutomation.Organization.Users.Edit_cxo_user -->
