<?xml version="1.0" encoding="UTF-8"?>
<!-- Generated by org.testng.reporters.JUnitReportReporter -->
<testsuite skipped="0" hostname="striker" name="testCases.MyService.MarketingAutomation.Organization.Branch.DeleteBranch" tests="1" failures="0" timestamp="05 Nov 2018 09:43:05 GMT" time="15.056" errors="0">
  <testcase name="editdate_branch" time="15.056" classname="testCases.MyService.MarketingAutomation.Organization.Branch.DeleteBranch"/>
</testsuite> <!-- testCases.MyService.MarketingAutomation.Organization.Branch.DeleteBranch -->
