<?xml version="1.0" encoding="UTF-8"?>
<!-- Generated by org.testng.reporters.JUnitReportReporter -->
<testsuite skipped="0" hostname="striker" name="testCases.Home.ProjectSetUp.Creating_SourceWiseScore" tests="1" failures="0" timestamp="09 Nov 2018 09:12:14 GMT" time="32.924" errors="0">
  <testcase name="creating_SourceWiseScore" time="32.924" classname="testCases.Home.ProjectSetUp.Creating_SourceWiseScore"/>
</testsuite> <!-- testCases.Home.ProjectSetUp.Creating_SourceWiseScore -->
