<?xml version="1.0" encoding="UTF-8"?>
<!-- Generated by org.testng.reporters.JUnitReportReporter -->
<testsuite skipped="0" hostname="striker" name="testCases.Home.ProjectSetUp.Creating_SmsSenderName_from" tests="1" failures="0" timestamp="26 Oct 2018 11:37:52 GMT" time="72.100" errors="0">
  <testcase name="creating_SmsSenderName_from" time="72.100" classname="testCases.Home.ProjectSetUp.Creating_SmsSenderName_from"/>
</testsuite> <!-- testCases.Home.ProjectSetUp.Creating_SmsSenderName_from -->
