<?xml version="1.0" encoding="UTF-8"?>
<!-- Generated by org.testng.reporters.JUnitReportReporter -->
<testsuite skipped="0" hostname="striker" name="testCases.Home.ProjectSetUp.CreatingLanding_Page" tests="1" failures="0" timestamp="02 Nov 2018 09:14:49 GMT" time="38.625" errors="0">
  <testcase name="creatingLanding_Page" time="38.625" classname="testCases.Home.ProjectSetUp.CreatingLanding_Page"/>
</testsuite> <!-- testCases.Home.ProjectSetUp.CreatingLanding_Page -->
