<?xml version="1.0" encoding="UTF-8"?>
<!-- Generated by org.testng.reporters.JUnitReportReporter -->
<testsuite skipped="0" hostname="striker" name="testCases.MyService.MarketingAutomation.Organization.Branch.Verifying_BranchTableData" tests="1" failures="0" timestamp="05 Nov 2018 06:05:40 GMT" time="12.931" errors="0">
  <testcase name="verifying_BranchTableData" time="12.931" classname="testCases.MyService.MarketingAutomation.Organization.Branch.Verifying_BranchTableData"/>
</testsuite> <!-- testCases.MyService.MarketingAutomation.Organization.Branch.Verifying_BranchTableData -->
