<?xml version="1.0" encoding="UTF-8"?>
<!-- Generated by org.testng.reporters.JUnitReportReporter -->
<testsuite skipped="0" hostname="striker" name="testCases.Home.ProjectSetUp.Verifying_SourceType_sourcnode" tests="1" failures="0" timestamp="30 Oct 2018 09:37:14 GMT" time="35.382" errors="0">
  <testcase name="verifying_SourceType_sourcnode" time="35.382" classname="testCases.Home.ProjectSetUp.Verifying_SourceType_sourcnode"/>
</testsuite> <!-- testCases.Home.ProjectSetUp.Verifying_SourceType_sourcnode -->
