<?xml version="1.0" encoding="UTF-8"?>
<!-- Generated by org.testng.reporters.JUnitReportReporter -->
<testsuite skipped="0" hostname="striker" name="testCases.Home.ProjectSetUp.Verifying_sourceNode" tests="1" failures="0" timestamp="29 Oct 2018 11:00:40 GMT" time="38.927" errors="0">
  <testcase name="verifying_sourceNode" time="38.927" classname="testCases.Home.ProjectSetUp.Verifying_sourceNode"/>
</testsuite> <!-- testCases.Home.ProjectSetUp.Verifying_sourceNode -->
