<?xml version="1.0" encoding="UTF-8"?>
<!-- Generated by org.testng.reporters.JUnitReportReporter -->
<testsuite skipped="0" hostname="striker" name="testCases.Home.ProjectSetUp.Verifying_Template_Settings_node" tests="1" failures="0" timestamp="26 Oct 2018 10:51:06 GMT" time="36.361" errors="0">
  <testcase name="verifying_Template_Settings_node" time="36.361" classname="testCases.Home.ProjectSetUp.Verifying_Template_Settings_node"/>
</testsuite> <!-- testCases.Home.ProjectSetUp.Verifying_Template_Settings_node -->
