<?xml version="1.0" encoding="UTF-8"?>
<!-- Generated by org.testng.reporters.JUnitReportReporter -->
<testsuite skipped="0" hostname="striker" name="testCases.Home.ProjectSetUp.CreationOfSmsTemplate" tests="1" failures="0" timestamp="26 Oct 2018 11:44:12 GMT" time="72.502" errors="0">
  <testcase name="creationOfSmsTemplate" time="72.502" classname="testCases.Home.ProjectSetUp.CreationOfSmsTemplate"/>
</testsuite> <!-- testCases.Home.ProjectSetUp.CreationOfSmsTemplate -->
