<?xml version="1.0" encoding="UTF-8"?>
<!-- Generated by org.testng.reporters.JUnitReportReporter -->
<testsuite skipped="0" hostname="striker" name="testCases.Home.ProjectSetUp.Verifying_Addoption_InSourceNode" tests="1" failures="0" timestamp="30 Oct 2018 09:38:10 GMT" time="41.202" errors="0">
  <testcase name="verifying_Addoption_InSourceNode" time="41.202" classname="testCases.Home.ProjectSetUp.Verifying_Addoption_InSourceNode"/>
</testsuite> <!-- testCases.Home.ProjectSetUp.Verifying_Addoption_InSourceNode -->
