<?xml version="1.0" encoding="UTF-8"?>
<!-- Generated by org.testng.reporters.JUnitReportReporter -->
<testsuite skipped="0" hostname="striker" name="testCases.Home.ProjectSetUp.Verifying_SourceManagement_Node" tests="1" failures="0" timestamp="27 Oct 2018 05:22:26 GMT" time="28.484" errors="0">
  <testcase name="verifying_SourceManagement_Node" time="28.484" classname="testCases.Home.ProjectSetUp.Verifying_SourceManagement_Node"/>
</testsuite> <!-- testCases.Home.ProjectSetUp.Verifying_SourceManagement_Node -->
