<?xml version="1.0" encoding="UTF-8"?>
<!-- Generated by org.testng.reporters.JUnitReportReporter -->
<testsuite skipped="0" hostname="striker" name="testCases.Home.ProjectSetUp.Authentication_OTP_requst" tests="1" failures="0" timestamp="02 Nov 2018 06:43:12 GMT" time="37.647" errors="0">
  <testcase name="authentication_OTP_requst" time="37.647" classname="testCases.Home.ProjectSetUp.Authentication_OTP_requst"/>
</testsuite> <!-- testCases.Home.ProjectSetUp.Authentication_OTP_requst -->
