<?xml version="1.0" encoding="UTF-8"?>
<!-- Generated by org.testng.reporters.JUnitReportReporter -->
<testsuite skipped="0" hostname="striker" name="testCases.Home.ProjectSetUp.Verifying_ProductCosting_node" tests="1" failures="0" timestamp="27 Oct 2018 05:13:15 GMT" time="34.211" errors="0">
  <testcase name="verifying_ProductCosting_node" time="34.211" classname="testCases.Home.ProjectSetUp.Verifying_ProductCosting_node"/>
</testsuite> <!-- testCases.Home.ProjectSetUp.Verifying_ProductCosting_node -->
