<?xml version="1.0" encoding="UTF-8"?>
<!-- Generated by org.testng.reporters.JUnitReportReporter -->
<testsuite skipped="0" hostname="striker" name="testCases.Home.ProjectSetUp.Creating_SHORT_URL" tests="1" failures="0" timestamp="31 Oct 2018 06:10:20 GMT" time="53.611" errors="0">
  <testcase name="creating_SHORT_URL" time="53.611" classname="testCases.Home.ProjectSetUp.Creating_SHORT_URL"/>
</testsuite> <!-- testCases.Home.ProjectSetUp.Creating_SHORT_URL -->
