<?xml version="1.0" encoding="UTF-8"?>
<!-- Generated by org.testng.reporters.JUnitReportReporter -->
<testsuite skipped="0" hostname="striker" name="testCases.MyService.MarketingAutomation.MyAccount.currentPlan.Verifying_currentPlan_Componeat_table" tests="1" failures="0" timestamp="09 Nov 2018 12:27:26 GMT" time="14.449" errors="0">
  <testcase name="verifying_currentPlan_Componeat_table" time="14.449" classname="testCases.MyService.MarketingAutomation.MyAccount.currentPlan.Verifying_currentPlan_Componeat_table"/>
</testsuite> <!-- testCases.MyService.MarketingAutomation.MyAccount.currentPlan.Verifying_currentPlan_Componeat_table -->
