<?xml version="1.0" encoding="UTF-8"?>
<!-- Generated by org.testng.reporters.JUnitReportReporter -->
<testsuite skipped="0" hostname="striker" name="testCases.MyService.MarketingAutomation.Organization.Branch.Verifying_BranchTable_features" tests="1" failures="0" timestamp="05 Nov 2018 05:39:04 GMT" time="12.667" errors="0">
  <testcase name="verifying_BranchTable_features" time="12.667" classname="testCases.MyService.MarketingAutomation.Organization.Branch.Verifying_BranchTable_features"/>
</testsuite> <!-- testCases.MyService.MarketingAutomation.Organization.Branch.Verifying_BranchTable_features -->
