<?xml version="1.0" encoding="UTF-8"?>
<!-- Generated by org.testng.reporters.JUnitReportReporter -->
<testsuite skipped="0" hostname="striker" name="testCases.MyService.MarketingAutomation.Organization.Divisions.Verifying_DivisionTable" tests="1" failures="0" timestamp="05 Nov 2018 10:06:07 GMT" time="12.786" errors="0">
  <testcase name="add_branch" time="12.786" classname="testCases.MyService.MarketingAutomation.Organization.Divisions.Verifying_DivisionTable"/>
</testsuite> <!-- testCases.MyService.MarketingAutomation.Organization.Divisions.Verifying_DivisionTable -->
