<?xml version="1.0" encoding="UTF-8"?>
<!-- Generated by org.testng.reporters.JUnitReportReporter -->
<testsuite skipped="0" hostname="striker" name="testCases.MyService.MarketingAutomation.Organization.Branch.Editdate_branch" tests="1" failures="0" timestamp="05 Nov 2018 09:39:34 GMT" time="14.939" errors="0">
  <testcase name="editdate_branch" time="14.939" classname="testCases.MyService.MarketingAutomation.Organization.Branch.Editdate_branch"/>
</testsuite> <!-- testCases.MyService.MarketingAutomation.Organization.Branch.Editdate_branch -->
