<?xml version="1.0" encoding="UTF-8"?>
<!-- Generated by org.testng.reporters.JUnitReportReporter -->
<testsuite skipped="0" hostname="striker" name="testCases.MyService.MarketingAutomation.Organization.Branch.Add_branch" tests="1" failures="0" timestamp="05 Nov 2018 09:38:45 GMT" time="16.409" errors="0">
  <testcase name="add_branch" time="16.409" classname="testCases.MyService.MarketingAutomation.Organization.Branch.Add_branch"/>
</testsuite> <!-- testCases.MyService.MarketingAutomation.Organization.Branch.Add_branch -->
