<?xml version="1.0" encoding="UTF-8"?>
<!-- Generated by org.testng.reporters.JUnitReportReporter -->
<testsuite skipped="0" hostname="striker" name="testCases.Home.ProjectSetUp.Sample" tests="1" failures="0" timestamp="30 Oct 2018 05:03:36 GMT" time="38.507" errors="0">
  <testcase name="projuctSet_validation" time="38.507" classname="testCases.Home.ProjectSetUp.Sample"/>
</testsuite> <!-- testCases.Home.ProjectSetUp.Sample -->
