<?xml version="1.0" encoding="UTF-8"?>
<!-- Generated by org.testng.reporters.JUnitReportReporter -->
<testsuite skipped="0" hostname="striker" name="testCases.MyService.MarketingAutomation.Organization.Users.Manager_Creation" tests="1" failures="0" timestamp="08 Nov 2018 06:25:14 GMT" time="86.457" errors="0">
  <testcase name="cXO_Creation" time="86.457" classname="testCases.MyService.MarketingAutomation.Organization.Users.Manager_Creation"/>
</testsuite> <!-- testCases.MyService.MarketingAutomation.Organization.Users.Manager_Creation -->
