<?xml version="1.0" encoding="UTF-8"?>
<!-- Generated by org.testng.reporters.JUnitReportReporter -->
<testsuite skipped="0" hostname="striker" name="testCases.Home.ProjectSetUp.Verifying_CXO_Node" tests="1" failures="0" timestamp="26 Oct 2018 06:05:28 GMT" time="49.541" errors="0">
  <testcase name="verifying_CXO_Node" time="49.541" classname="testCases.Home.ProjectSetUp.Verifying_CXO_Node"/>
</testsuite> <!-- testCases.Home.ProjectSetUp.Verifying_CXO_Node -->
