<?xml version="1.0" encoding="UTF-8"?>
<!-- Generated by org.testng.reporters.JUnitReportReporter -->
<testsuite skipped="0" hostname="striker" name="testCases.Home.ProjectSetUp.Verifying_SmsTemplate_Node" tests="1" failures="0" timestamp="26 Oct 2018 11:33:42 GMT" time="54.919" errors="0">
  <testcase name="delete_SmsTemplate" time="54.919" classname="testCases.Home.ProjectSetUp.Verifying_SmsTemplate_Node"/>
</testsuite> <!-- testCases.Home.ProjectSetUp.Verifying_SmsTemplate_Node -->
