<?xml version="1.0" encoding="UTF-8"?>
<!-- Generated by org.testng.reporters.JUnitReportReporter -->
<testsuite skipped="0" hostname="striker" name="testCases.Home.ProjectSetUp.Verifying_USERNode" tests="1" failures="0" timestamp="25 Oct 2018 10:06:05 GMT" time="41.099" errors="0">
  <testcase name="verifying_USERNode" time="41.099" classname="testCases.Home.ProjectSetUp.Verifying_USERNode"/>
</testsuite> <!-- testCases.Home.ProjectSetUp.Verifying_USERNode -->
