<?xml version="1.0" encoding="UTF-8"?>
<!-- Generated by org.testng.reporters.JUnitReportReporter -->
<testsuite skipped="0" hostname="striker" name="testCases.Home.ProjectSetUp.VirtualNumber_allocation_For_Missedcall" tests="1" failures="0" timestamp="01 Nov 2018 09:21:45 GMT" time="37.393" errors="0">
  <testcase name="virtualNumber_allocation_For_Missedcall" time="37.393" classname="testCases.Home.ProjectSetUp.VirtualNumber_allocation_For_Missedcall"/>
</testsuite> <!-- testCases.Home.ProjectSetUp.VirtualNumber_allocation_For_Missedcall -->
