<?xml version="1.0" encoding="UTF-8"?>
<!-- Generated by org.testng.reporters.JUnitReportReporter -->
<testsuite skipped="0" hostname="striker" name="testCases.Home.ProjectSetUp.Verifying_USERNode_merketing_Marketing" tests="1" failures="0" timestamp="24 Oct 2018 13:40:21 GMT" time="39.753" errors="0">
  <testcase name="verifying_USERnode" time="39.753" classname="testCases.Home.ProjectSetUp.Verifying_USERNode_merketing_Marketing"/>
</testsuite> <!-- testCases.Home.ProjectSetUp.Verifying_USERNode_merketing_Marketing -->
