<?xml version="1.0" encoding="UTF-8"?>
<!-- Generated by org.testng.reporters.JUnitReportReporter -->
<testsuite skipped="0" hostname="striker" name="testCases.Home.ProjectSetUp.UserPrivileges_web" tests="1" failures="0" timestamp="26 Oct 2018 10:21:27 GMT" time="44.514" errors="0">
  <testcase name="userPrivileges_web" time="44.514" classname="testCases.Home.ProjectSetUp.UserPrivileges_web"/>
</testsuite> <!-- testCases.Home.ProjectSetUp.UserPrivileges_web -->
