<?xml version="1.0" encoding="UTF-8"?>
<!-- Generated by org.testng.reporters.JUnitReportReporter -->
<testsuite skipped="0" hostname="striker" name="testCases.MyService.MarketingAutomation.Organization.Users.CXO_Creation" tests="1" failures="0" timestamp="08 Nov 2018 06:00:04 GMT" time="77.102" errors="0">
  <testcase name="cXO_Creation" time="77.102" classname="testCases.MyService.MarketingAutomation.Organization.Users.CXO_Creation"/>
</testsuite> <!-- testCases.MyService.MarketingAutomation.Organization.Users.CXO_Creation -->
