<?xml version="1.0" encoding="UTF-8"?>
<!-- Generated by org.testng.reporters.JUnitReportReporter -->
<testsuite skipped="0" hostname="striker" name="testCases.MyService.MarketingAutomation.Organization.Hierarchy.Verifying_DepartmentsHierarchytablefeatures" tests="1" failures="0" timestamp="08 Nov 2018 10:56:11 GMT" time="12.760" errors="0">
  <testcase name="verifying_DepartmentsHierarchytablefeatures" time="12.760" classname="testCases.MyService.MarketingAutomation.Organization.Hierarchy.Verifying_DepartmentsHierarchytablefeatures"/>
</testsuite> <!-- testCases.MyService.MarketingAutomation.Organization.Hierarchy.Verifying_DepartmentsHierarchytablefeatures -->
