<?xml version="1.0" encoding="UTF-8"?>
<!-- Generated by org.testng.reporters.JUnitReportReporter -->
<testsuite hostname="my-pc" failures="0" tests="2" name="testCases.NewTest" time="0.031" errors="0" timestamp="22 Sep 2018 15:04:56 GMT" skipped="0">
  <testcase classname="testCases.NewTest" name="f" time="0.031"/>
  <testcase classname="testCases.NewTest" name="f1" time="0.000"/>
</testsuite> <!-- testCases.NewTest -->
