<?xml version="1.0" encoding="UTF-8"?>
<!-- Generated by org.testng.reporters.JUnitReportReporter -->
<testsuite skipped="0" hostname="striker" name="testCases.MyService.MarketingAutomation.Organization.Branch.Update_branch" tests="1" failures="0" timestamp="05 Nov 2018 07:36:12 GMT" time="54.781" errors="0">
  <testcase name="update_branch" time="54.781" classname="testCases.MyService.MarketingAutomation.Organization.Branch.Update_branch"/>
</testsuite> <!-- testCases.MyService.MarketingAutomation.Organization.Branch.Update_branch -->
