<?xml version="1.0" encoding="UTF-8"?>
<!-- Generated by org.testng.reporters.JUnitReportReporter -->
<testsuite skipped="0" hostname="striker" name="testCases.MyService.MarketingAutomation.Organization.Verifying_BranchTable_features" tests="1" failures="0" timestamp="05 Nov 2018 05:36:13 GMT" time="13.660" errors="0">
  <testcase name="verifying_BranchTable_features" time="13.660" classname="testCases.MyService.MarketingAutomation.Organization.Verifying_BranchTable_features"/>
</testsuite> <!-- testCases.MyService.MarketingAutomation.Organization.Verifying_BranchTable_features -->
