<?xml version="1.0" encoding="UTF-8"?>
<!-- Generated by org.testng.reporters.JUnitReportReporter -->
<testsuite skipped="0" hostname="striker" name="testCases.Home.ProjectSetUp.Verifying_eventsNamesPresent_InSourceNode" tests="1" failures="0" timestamp="30 Oct 2018 09:36:05 GMT" time="47.669" errors="0">
  <testcase name="verifying_eventsNamesPresent_InSourceNode" time="47.669" classname="testCases.Home.ProjectSetUp.Verifying_eventsNamesPresent_InSourceNode"/>
</testsuite> <!-- testCases.Home.ProjectSetUp.Verifying_eventsNamesPresent_InSourceNode -->
