<?xml version="1.0" encoding="UTF-8"?>
<!-- Generated by org.testng.reporters.JUnitReportReporter -->
<testsuite skipped="0" hostname="striker" name="testCases.Home.ProjectSetUp.Creating_Sources" tests="1" failures="0" timestamp="31 Oct 2018 07:56:48 GMT" time="136.343" errors="0">
  <testcase name="creating_Sources" time="136.343" classname="testCases.Home.ProjectSetUp.Creating_Sources"/>
</testsuite> <!-- testCases.Home.ProjectSetUp.Creating_Sources -->
