<?xml version="1.0" encoding="UTF-8"?>
<!-- Generated by org.testng.reporters.JUnitReportReporter -->
<testsuite skipped="0" hostname="striker" name="testCases.MyService.MarketingAutomation.Organization.MyAccount.currentPlan.Verifying_currentPlan_Componeat_table" tests="1" failures="0" timestamp="08 Nov 2018 12:31:09 GMT" time="11.731" errors="0">
  <testcase name="verifying_currentPlan_Componeat_table" time="11.731" classname="testCases.MyService.MarketingAutomation.Organization.MyAccount.currentPlan.Verifying_currentPlan_Componeat_table"/>
</testsuite> <!-- testCases.MyService.MarketingAutomation.Organization.MyAccount.currentPlan.Verifying_currentPlan_Componeat_table -->
