<?xml version="1.0" encoding="UTF-8"?>
<!-- Generated by org.testng.reporters.JUnitReportReporter -->
<testsuite skipped="0" hostname="striker" name="testCases.Home.ProjectSetUp.Verifying_ProjectManagementNode__Marketing" tests="1" failures="0" timestamp="25 Oct 2018 04:53:46 GMT" time="39.351" errors="0">
  <testcase name="verifying_ProjectManagementNode" time="39.351" classname="testCases.Home.ProjectSetUp.Verifying_ProjectManagementNode__Marketing"/>
</testsuite> <!-- testCases.Home.ProjectSetUp.Verifying_ProjectManagementNode__Marketing -->
