<?xml version="1.0" encoding="UTF-8"?>
<!-- Generated by org.testng.reporters.JUnitReportReporter -->
<testsuite skipped="0" hostname="striker" name="testCases.Home.ProjectSetUp.Buy_Virtual_Number" tests="1" failures="0" timestamp="01 Nov 2018 13:56:10 GMT" time="39.467" errors="0">
  <testcase name="buy_Virtual_Number" time="39.467" classname="testCases.Home.ProjectSetUp.Buy_Virtual_Number"/>
</testsuite> <!-- testCases.Home.ProjectSetUp.Buy_Virtual_Number -->
