<?xml version="1.0" encoding="UTF-8"?>
<!-- Generated by org.testng.reporters.JUnitReportReporter -->
<testsuite skipped="0" hostname="striker" name="testCases.MyService.MarketingAutomation.Organization.Divisions.AddDivision" tests="1" failures="0" timestamp="06 Nov 2018 04:42:03 GMT" time="12.969" errors="0">
  <testcase name="addDivision" time="12.969" classname="testCases.MyService.MarketingAutomation.Organization.Divisions.AddDivision"/>
</testsuite> <!-- testCases.MyService.MarketingAutomation.Organization.Divisions.AddDivision -->
