<?xml version="1.0" encoding="UTF-8"?>
<!-- Generated by org.testng.reporters.JUnitReportReporter -->
<testsuite skipped="0" hostname="striker" name="testCases.MyService.MarketingAutomation.Organization.Users.Creating_user_hierarchy" tests="1" failures="0" timestamp="08 Nov 2018 10:44:01 GMT" time="18.401" errors="0">
  <testcase name="editdate_branch" time="18.401" classname="testCases.MyService.MarketingAutomation.Organization.Users.Creating_user_hierarchy"/>
</testsuite> <!-- testCases.MyService.MarketingAutomation.Organization.Users.Creating_user_hierarchy -->
