<?xml version="1.0" encoding="UTF-8"?>
<!-- Generated by org.testng.reporters.JUnitReportReporter -->
<testsuite skipped="0" hostname="striker" name="testCases.MyService.MarketingAutomation.Organizaion.Companies" tests="1" failures="0" timestamp="03 Nov 2018 06:18:43 GMT" time="12.985" errors="0">
  <testcase name="companies" time="12.985" classname="testCases.MyService.MarketingAutomation.Organizaion.Companies"/>
</testsuite> <!-- testCases.MyService.MarketingAutomation.Organizaion.Companies -->
