<?xml version="1.0" encoding="UTF-8"?>
<!-- Generated by org.testng.reporters.JUnitReportReporter -->
<testsuite skipped="0" hostname="striker" name="testCases.MyService.MarketingAutomation.Organization.Companies" tests="1" failures="0" timestamp="03 Nov 2018 11:53:53 GMT" time="19.332" errors="0">
  <testcase name="companies" time="19.332" classname="testCases.MyService.MarketingAutomation.Organization.Companies"/>
</testsuite> <!-- testCases.MyService.MarketingAutomation.Organization.Companies -->
