<?xml version="1.0" encoding="UTF-8"?>
<!-- Generated by org.testng.reporters.JUnitReportReporter -->
<testsuite skipped="0" hostname="striker" name="testCases.Home.ProjectSetUp.Verifying_EventsNode" tests="1" failures="0" timestamp="27 Oct 2018 09:47:30 GMT" time="34.920" errors="0">
  <testcase name="verifying_EventsNode" time="34.920" classname="testCases.Home.ProjectSetUp.Verifying_EventsNode"/>
</testsuite> <!-- testCases.Home.ProjectSetUp.Verifying_EventsNode -->
